<?xml version="1.0" encoding="UTF-8"?>
<!-- Generated by org.testng.reporters.JUnitReportReporter -->
<testsuite hostname="Venkys_world" failures="0" tests="1" name="Runners.Runner" time="64.407" errors="0" timestamp="2024-12-14T23:43:08 IST" skipped="0">
  <testcase classname="Runners.Runner" name="runScenario" time="64.407"/>
  <system-out/>
</testsuite> <!-- Runners.Runner -->
